stdio    D         file_stdio.c:110  file_stdio_fopen                 [   0.00000] opening C:\Users\Dom\Documents\git\starlight\sandbox\bin\Debug\x64\allegro5.cfg r
system   D            wsystem.c:788  _al_win_safe_load_library        [   0.00000] PathFindOnPath found: C:\WINDOWS\system32\shcore.dll
system   D            wsystem.c:699  load_library_at_path             [   0.00000] Calling LoadLibrary C:\WINDOWS\system32\shcore.dll
system   I            wsystem.c:702  load_library_at_path             [   0.00000] Loaded C:\WINDOWS\system32\shcore.dll
system   I             system.c:264  al_install_system                [   0.00000] Allegro version: 5.2.4
audio-dsound I           dsound.cpp:271  _dsound_open                     [   0.00031] Starting DirectSound...
audio-dsound D           dsound.cpp:280  _dsound_open                     [   0.21303] DirectSoundCreate8 succeeded
audio-dsound I           dsound.cpp:73   get_window                       [   0.21307] Using desktop window: 0000000000010010
audio    I              audio.c:347  do_install_audio                 [   0.21318] Using DirectSound driver
stdio    D         file_stdio.c:110  file_stdio_fopen                 [   0.21353] opening bin/config.cfg r
system   D            wsystem.c:788  _al_win_safe_load_library        [   0.23066] PathFindOnPath found: C:\WINDOWS\system32\d3d9.dll
system   D            wsystem.c:699  load_library_at_path             [   0.23069] Calling LoadLibrary C:\WINDOWS\system32\d3d9.dll
system   I            wsystem.c:702  load_library_at_path             [   0.24147] Loaded C:\WINDOWS\system32\d3d9.dll
d3d      I         d3d_disp.cpp:674  d3d_init_display                 [   0.35055] Render-to-texture: 1
d3d      I         d3d_disp.cpp:1768 d3d_create_display_locked        [   0.35111] faux_fullscreen=0
d3d      D         d3d_disp.cpp:1769 d3d_create_display_locked        [   0.35113] al_display=0000029A7F72DF10
d3d      D         d3d_disp.cpp:1770 d3d_create_display_locked        [   0.35115] al_display->vt=0000029A7F741530
d3d      I d3d_display_formats.cpp:144  _al_d3d_generate_display_format_list [   0.37489] found 160 format combinations
display  D   display_settings.c:212  debug_display_settings           [   0.37493] color: 32 (rgba 8880), depth: 0, stencil: 0, acc: 0000, samples: 0/0
display  D   display_settings.c:465  _al_score_display_settings       [   0.37496] Render Method requirement not met.
display  D   display_settings.c:212  debug_display_settings           [   0.37498] color: 32 (rgba 8880), depth: 0, stencil: 0, acc: 0000, samples: 0/0
display  D   display_settings.c:465  _al_score_display_settings       [   0.37500] Render Method requirement not met.
display  D   display_settings.c:212  debug_display_settings           [   0.37502] color: 32 (rgba 8880), depth: 0, stencil: 0, acc: 0000, samples: 2/1
display  D   display_settings.c:465  _al_score_display_settings       [   0.37504] Render Method requirement not met.
display  D   display_settings.c:212  debug_display_settings           [   0.37506] color: 32 (rgba 8880), depth: 0, stencil: 0, acc: 0000, samples: 3/1
display  D   display_settings.c:465  _al_score_display_settings       [   0.37508] Render Method requirement not met.
display  D   display_settings.c:212  debug_display_settings           [   0.37510] color: 32 (rgba 8880), depth: 0, stencil: 0, acc: 0000, samples: 4/1
display  D   display_settings.c:465  _al_score_display_settings       [   0.37512] Render Method requirement not met.
display  D   display_settings.c:212  debug_display_settings           [   0.37514] color: 32 (rgba 8880), depth: 24, stencil: 8, acc: 0000, samples: 0/0
display  D   display_settings.c:465  _al_score_display_settings       [   0.37516] Render Method requirement not met.
display  D   display_settings.c:212  debug_display_settings           [   0.37517] color: 32 (rgba 8880), depth: 24, stencil: 8, acc: 0000, samples: 0/0
display  D   display_settings.c:465  _al_score_display_settings       [   0.37520] Render Method requirement not met.
display  D   display_settings.c:212  debug_display_settings           [   0.37521] color: 32 (rgba 8880), depth: 24, stencil: 8, acc: 0000, samples: 2/1
display  D   display_settings.c:465  _al_score_display_settings       [   0.37528] Render Method requirement not met.
display  D   display_settings.c:212  debug_display_settings           [   0.37530] color: 32 (rgba 8880), depth: 24, stencil: 8, acc: 0000, samples: 3/1
display  D   display_settings.c:465  _al_score_display_settings       [   0.37532] Render Method requirement not met.
display  D   display_settings.c:212  debug_display_settings           [   0.37534] color: 32 (rgba 8880), depth: 24, stencil: 8, acc: 0000, samples: 4/1
display  D   display_settings.c:465  _al_score_display_settings       [   0.37536] Render Method requirement not met.
display  D   display_settings.c:212  debug_display_settings           [   0.37539] color: 32 (rgba 8880), depth: 24, stencil: 0, acc: 0000, samples: 0/0
display  D   display_settings.c:465  _al_score_display_settings       [   0.37541] Render Method requirement not met.
display  D   display_settings.c:212  debug_display_settings           [   0.37543] color: 32 (rgba 8880), depth: 24, stencil: 0, acc: 0000, samples: 0/0
display  D   display_settings.c:465  _al_score_display_settings       [   0.37545] Render Method requirement not met.
display  D   display_settings.c:212  debug_display_settings           [   0.37547] color: 32 (rgba 8880), depth: 24, stencil: 0, acc: 0000, samples: 2/1
display  D   display_settings.c:465  _al_score_display_settings       [   0.37549] Render Method requirement not met.
display  D   display_settings.c:212  debug_display_settings           [   0.37551] color: 32 (rgba 8880), depth: 24, stencil: 0, acc: 0000, samples: 3/1
display  D   display_settings.c:465  _al_score_display_settings       [   0.37553] Render Method requirement not met.
display  D   display_settings.c:212  debug_display_settings           [   0.37555] color: 32 (rgba 8880), depth: 24, stencil: 0, acc: 0000, samples: 4/1
display  D   display_settings.c:465  _al_score_display_settings       [   0.37557] Render Method requirement not met.
display  D   display_settings.c:212  debug_display_settings           [   0.37559] color: 32 (rgba 8880), depth: 16, stencil: 0, acc: 0000, samples: 0/0
display  D   display_settings.c:465  _al_score_display_settings       [   0.37561] Render Method requirement not met.
display  D   display_settings.c:212  debug_display_settings           [   0.37563] color: 32 (rgba 8880), depth: 16, stencil: 0, acc: 0000, samples: 0/0
display  D   display_settings.c:465  _al_score_display_settings       [   0.37565] Render Method requirement not met.
display  D   display_settings.c:212  debug_display_settings           [   0.37567] color: 32 (rgba 8880), depth: 16, stencil: 0, acc: 0000, samples: 2/1
display  D   display_settings.c:465  _al_score_display_settings       [   0.37569] Render Method requirement not met.
display  D   display_settings.c:212  debug_display_settings           [   0.37571] color: 32 (rgba 8880), depth: 16, stencil: 0, acc: 0000, samples: 3/1
display  D   display_settings.c:465  _al_score_display_settings       [   0.37573] Render Method requirement not met.
display  D   display_settings.c:212  debug_display_settings           [   0.37575] color: 32 (rgba 8880), depth: 16, stencil: 0, acc: 0000, samples: 4/1
display  D   display_settings.c:465  _al_score_display_settings       [   0.37578] Render Method requirement not met.
display  D   display_settings.c:212  debug_display_settings           [   0.37579] color: 16 (rgba 5650), depth: 0, stencil: 0, acc: 0000, samples: 0/0
display  D   display_settings.c:465  _al_score_display_settings       [   0.37582] Render Method requirement not met.
display  D   display_settings.c:212  debug_display_settings           [   0.37584] color: 16 (rgba 5650), depth: 0, stencil: 0, acc: 0000, samples: 0/0
display  D   display_settings.c:465  _al_score_display_settings       [   0.37586] Render Method requirement not met.
display  D   display_settings.c:212  debug_display_settings           [   0.37588] color: 16 (rgba 5650), depth: 0, stencil: 0, acc: 0000, samples: 2/1
display  D   display_settings.c:465  _al_score_display_settings       [   0.37590] Render Method requirement not met.
display  D   display_settings.c:212  debug_display_settings           [   0.37592] color: 16 (rgba 5650), depth: 0, stencil: 0, acc: 0000, samples: 3/1
display  D   display_settings.c:465  _al_score_display_settings       [   0.37595] Render Method requirement not met.
display  D   display_settings.c:212  debug_display_settings           [   0.37596] color: 16 (rgba 5650), depth: 0, stencil: 0, acc: 0000, samples: 4/1
display  D   display_settings.c:465  _al_score_display_settings       [   0.37599] Render Method requirement not met.
display  D   display_settings.c:212  debug_display_settings           [   0.37600] color: 16 (rgba 5650), depth: 24, stencil: 8, acc: 0000, samples: 0/0
display  D   display_settings.c:465  _al_score_display_settings       [   0.37603] Render Method requirement not met.
display  D   display_settings.c:212  debug_display_settings           [   0.37604] color: 16 (rgba 5650), depth: 24, stencil: 8, acc: 0000, samples: 0/0
display  D   display_settings.c:465  _al_score_display_settings       [   0.37607] Render Method requirement not met.
display  D   display_settings.c:212  debug_display_settings           [   0.37608] color: 16 (rgba 5650), depth: 24, stencil: 8, acc: 0000, samples: 2/1
display  D   display_settings.c:465  _al_score_display_settings       [   0.37611] Render Method requirement not met.
display  D   display_settings.c:212  debug_display_settings           [   0.37612] color: 16 (rgba 5650), depth: 24, stencil: 8, acc: 0000, samples: 3/1
display  D   display_settings.c:465  _al_score_display_settings       [   0.37615] Render Method requirement not met.
display  D   display_settings.c:212  debug_display_settings           [   0.37616] color: 16 (rgba 5650), depth: 24, stencil: 8, acc: 0000, samples: 4/1
display  D   display_settings.c:465  _al_score_display_settings       [   0.37619] Render Method requirement not met.
display  D   display_settings.c:212  debug_display_settings           [   0.37620] color: 16 (rgba 5650), depth: 24, stencil: 0, acc: 0000, samples: 0/0
display  D   display_settings.c:465  _al_score_display_settings       [   0.37623] Render Method requirement not met.
display  D   display_settings.c:212  debug_display_settings           [   0.37624] color: 16 (rgba 5650), depth: 24, stencil: 0, acc: 0000, samples: 0/0
display  D   display_settings.c:465  _al_score_display_settings       [   0.37627] Render Method requirement not met.
display  D   display_settings.c:212  debug_display_settings           [   0.37628] color: 16 (rgba 5650), depth: 24, stencil: 0, acc: 0000, samples: 2/1
display  D   display_settings.c:465  _al_score_display_settings       [   0.37631] Render Method requirement not met.
display  D   display_settings.c:212  debug_display_settings           [   0.37633] color: 16 (rgba 5650), depth: 24, stencil: 0, acc: 0000, samples: 3/1
display  D   display_settings.c:465  _al_score_display_settings       [   0.37635] Render Method requirement not met.
display  D   display_settings.c:212  debug_display_settings           [   0.37637] color: 16 (rgba 5650), depth: 24, stencil: 0, acc: 0000, samples: 4/1
display  D   display_settings.c:465  _al_score_display_settings       [   0.37639] Render Method requirement not met.
display  D   display_settings.c:212  debug_display_settings           [   0.37641] color: 16 (rgba 5650), depth: 16, stencil: 0, acc: 0000, samples: 0/0
display  D   display_settings.c:465  _al_score_display_settings       [   0.37643] Render Method requirement not met.
display  D   display_settings.c:212  debug_display_settings           [   0.37645] color: 16 (rgba 5650), depth: 16, stencil: 0, acc: 0000, samples: 0/0
display  D   display_settings.c:465  _al_score_display_settings       [   0.37647] Render Method requirement not met.
display  D   display_settings.c:212  debug_display_settings           [   0.37649] color: 16 (rgba 5650), depth: 16, stencil: 0, acc: 0000, samples: 2/1
display  D   display_settings.c:465  _al_score_display_settings       [   0.37651] Render Method requirement not met.
display  D   display_settings.c:212  debug_display_settings           [   0.37653] color: 16 (rgba 5650), depth: 16, stencil: 0, acc: 0000, samples: 3/1
display  D   display_settings.c:465  _al_score_display_settings       [   0.37655] Render Method requirement not met.
display  D   display_settings.c:212  debug_display_settings           [   0.37657] color: 16 (rgba 5650), depth: 16, stencil: 0, acc: 0000, samples: 4/1
display  D   display_settings.c:465  _al_score_display_settings       [   0.37659] Render Method requirement not met.
display  D   display_settings.c:212  debug_display_settings           [   0.37660] color: 32 (rgba 8880), depth: 0, stencil: 0, acc: 0000, samples: 0/0
display  D   display_settings.c:398  _al_score_display_settings       [   0.37662] Single Buffer requirement not met.
display  D   display_settings.c:212  debug_display_settings           [   0.37664] color: 32 (rgba 8880), depth: 0, stencil: 0, acc: 0000, samples: 0/0
display  D   display_settings.c:398  _al_score_display_settings       [   0.37666] Single Buffer requirement not met.
display  D   display_settings.c:212  debug_display_settings           [   0.37668] color: 32 (rgba 8880), depth: 0, stencil: 0, acc: 0000, samples: 2/1
display  D   display_settings.c:398  _al_score_display_settings       [   0.37670] Single Buffer requirement not met.
display  D   display_settings.c:212  debug_display_settings           [   0.37671] color: 32 (rgba 8880), depth: 0, stencil: 0, acc: 0000, samples: 3/1
display  D   display_settings.c:398  _al_score_display_settings       [   0.37673] Single Buffer requirement not met.
display  D   display_settings.c:212  debug_display_settings           [   0.37675] color: 32 (rgba 8880), depth: 0, stencil: 0, acc: 0000, samples: 4/1
display  D   display_settings.c:398  _al_score_display_settings       [   0.37677] Single Buffer requirement not met.
display  D   display_settings.c:212  debug_display_settings           [   0.37679] color: 32 (rgba 8880), depth: 24, stencil: 8, acc: 0000, samples: 0/0
display  D   display_settings.c:398  _al_score_display_settings       [   0.37681] Single Buffer requirement not met.
display  D   display_settings.c:212  debug_display_settings           [   0.37682] color: 32 (rgba 8880), depth: 24, stencil: 8, acc: 0000, samples: 0/0
display  D   display_settings.c:398  _al_score_display_settings       [   0.37684] Single Buffer requirement not met.
display  D   display_settings.c:212  debug_display_settings           [   0.37686] color: 32 (rgba 8880), depth: 24, stencil: 8, acc: 0000, samples: 2/1
display  D   display_settings.c:398  _al_score_display_settings       [   0.37688] Single Buffer requirement not met.
display  D   display_settings.c:212  debug_display_settings           [   0.37689] color: 32 (rgba 8880), depth: 24, stencil: 8, acc: 0000, samples: 3/1
display  D   display_settings.c:398  _al_score_display_settings       [   0.37691] Single Buffer requirement not met.
display  D   display_settings.c:212  debug_display_settings           [   0.37693] color: 32 (rgba 8880), depth: 24, stencil: 8, acc: 0000, samples: 4/1
display  D   display_settings.c:398  _al_score_display_settings       [   0.37695] Single Buffer requirement not met.
display  D   display_settings.c:212  debug_display_settings           [   0.37697] color: 32 (rgba 8880), depth: 24, stencil: 0, acc: 0000, samples: 0/0
display  D   display_settings.c:398  _al_score_display_settings       [   0.37699] Single Buffer requirement not met.
display  D   display_settings.c:212  debug_display_settings           [   0.37700] color: 32 (rgba 8880), depth: 24, stencil: 0, acc: 0000, samples: 0/0
display  D   display_settings.c:398  _al_score_display_settings       [   0.37702] Single Buffer requirement not met.
display  D   display_settings.c:212  debug_display_settings           [   0.37704] color: 32 (rgba 8880), depth: 24, stencil: 0, acc: 0000, samples: 2/1
display  D   display_settings.c:398  _al_score_display_settings       [   0.37710] Single Buffer requirement not met.
display  D   display_settings.c:212  debug_display_settings           [   0.37711] color: 32 (rgba 8880), depth: 24, stencil: 0, acc: 0000, samples: 3/1
display  D   display_settings.c:398  _al_score_display_settings       [   0.37713] Single Buffer requirement not met.
display  D   display_settings.c:212  debug_display_settings           [   0.37715] color: 32 (rgba 8880), depth: 24, stencil: 0, acc: 0000, samples: 4/1
display  D   display_settings.c:398  _al_score_display_settings       [   0.37717] Single Buffer requirement not met.
display  D   display_settings.c:212  debug_display_settings           [   0.37719] color: 32 (rgba 8880), depth: 16, stencil: 0, acc: 0000, samples: 0/0
display  D   display_settings.c:398  _al_score_display_settings       [   0.37721] Single Buffer requirement not met.
display  D   display_settings.c:212  debug_display_settings           [   0.37722] color: 32 (rgba 8880), depth: 16, stencil: 0, acc: 0000, samples: 0/0
display  D   display_settings.c:398  _al_score_display_settings       [   0.37724] Single Buffer requirement not met.
display  D   display_settings.c:212  debug_display_settings           [   0.37726] color: 32 (rgba 8880), depth: 16, stencil: 0, acc: 0000, samples: 2/1
display  D   display_settings.c:398  _al_score_display_settings       [   0.37729] Single Buffer requirement not met.
display  D   display_settings.c:212  debug_display_settings           [   0.37731] color: 32 (rgba 8880), depth: 16, stencil: 0, acc: 0000, samples: 3/1
display  D   display_settings.c:398  _al_score_display_settings       [   0.37733] Single Buffer requirement not met.
display  D   display_settings.c:212  debug_display_settings           [   0.37735] color: 32 (rgba 8880), depth: 16, stencil: 0, acc: 0000, samples: 4/1
display  D   display_settings.c:398  _al_score_display_settings       [   0.37737] Single Buffer requirement not met.
display  D   display_settings.c:212  debug_display_settings           [   0.37738] color: 16 (rgba 5650), depth: 0, stencil: 0, acc: 0000, samples: 0/0
display  D   display_settings.c:398  _al_score_display_settings       [   0.37740] Single Buffer requirement not met.
display  D   display_settings.c:212  debug_display_settings           [   0.37742] color: 16 (rgba 5650), depth: 0, stencil: 0, acc: 0000, samples: 0/0
display  D   display_settings.c:398  _al_score_display_settings       [   0.37744] Single Buffer requirement not met.
display  D   display_settings.c:212  debug_display_settings           [   0.37746] color: 16 (rgba 5650), depth: 0, stencil: 0, acc: 0000, samples: 2/1
display  D   display_settings.c:398  _al_score_display_settings       [   0.37748] Single Buffer requirement not met.
display  D   display_settings.c:212  debug_display_settings           [   0.37750] color: 16 (rgba 5650), depth: 0, stencil: 0, acc: 0000, samples: 3/1
display  D   display_settings.c:398  _al_score_display_settings       [   0.37752] Single Buffer requirement not met.
display  D   display_settings.c:212  debug_display_settings           [   0.37754] color: 16 (rgba 5650), depth: 0, stencil: 0, acc: 0000, samples: 4/1
display  D   display_settings.c:398  _al_score_display_settings       [   0.37756] Single Buffer requirement not met.
display  D   display_settings.c:212  debug_display_settings           [   0.37757] color: 16 (rgba 5650), depth: 24, stencil: 8, acc: 0000, samples: 0/0
display  D   display_settings.c:398  _al_score_display_settings       [   0.37760] Single Buffer requirement not met.
display  D   display_settings.c:212  debug_display_settings           [   0.37761] color: 16 (rgba 5650), depth: 24, stencil: 8, acc: 0000, samples: 0/0
display  D   display_settings.c:398  _al_score_display_settings       [   0.37764] Single Buffer requirement not met.
display  D   display_settings.c:212  debug_display_settings           [   0.37765] color: 16 (rgba 5650), depth: 24, stencil: 8, acc: 0000, samples: 2/1
display  D   display_settings.c:398  _al_score_display_settings       [   0.37768] Single Buffer requirement not met.
display  D   display_settings.c:212  debug_display_settings           [   0.37770] color: 16 (rgba 5650), depth: 24, stencil: 8, acc: 0000, samples: 3/1
display  D   display_settings.c:398  _al_score_display_settings       [   0.37772] Single Buffer requirement not met.
display  D   display_settings.c:212  debug_display_settings           [   0.37773] color: 16 (rgba 5650), depth: 24, stencil: 8, acc: 0000, samples: 4/1
display  D   display_settings.c:398  _al_score_display_settings       [   0.37776] Single Buffer requirement not met.
display  D   display_settings.c:212  debug_display_settings           [   0.37777] color: 16 (rgba 5650), depth: 24, stencil: 0, acc: 0000, samples: 0/0
display  D   display_settings.c:398  _al_score_display_settings       [   0.37780] Single Buffer requirement not met.
display  D   display_settings.c:212  debug_display_settings           [   0.37782] color: 16 (rgba 5650), depth: 24, stencil: 0, acc: 0000, samples: 0/0
display  D   display_settings.c:398  _al_score_display_settings       [   0.37784] Single Buffer requirement not met.
display  D   display_settings.c:212  debug_display_settings           [   0.37786] color: 16 (rgba 5650), depth: 24, stencil: 0, acc: 0000, samples: 2/1
display  D   display_settings.c:398  _al_score_display_settings       [   0.37792] Single Buffer requirement not met.
display  D   display_settings.c:212  debug_display_settings           [   0.37805] color: 16 (rgba 5650), depth: 24, stencil: 0, acc: 0000, samples: 3/1
display  D   display_settings.c:398  _al_score_display_settings       [   0.37808] Single Buffer requirement not met.
display  D   display_settings.c:212  debug_display_settings           [   0.37811] color: 16 (rgba 5650), depth: 24, stencil: 0, acc: 0000, samples: 4/1
display  D   display_settings.c:398  _al_score_display_settings       [   0.37813] Single Buffer requirement not met.
display  D   display_settings.c:212  debug_display_settings           [   0.37815] color: 16 (rgba 5650), depth: 16, stencil: 0, acc: 0000, samples: 0/0
display  D   display_settings.c:398  _al_score_display_settings       [   0.37817] Single Buffer requirement not met.
display  D   display_settings.c:212  debug_display_settings           [   0.37819] color: 16 (rgba 5650), depth: 16, stencil: 0, acc: 0000, samples: 0/0
display  D   display_settings.c:398  _al_score_display_settings       [   0.37821] Single Buffer requirement not met.
display  D   display_settings.c:212  debug_display_settings           [   0.37823] color: 16 (rgba 5650), depth: 16, stencil: 0, acc: 0000, samples: 2/1
display  D   display_settings.c:398  _al_score_display_settings       [   0.37825] Single Buffer requirement not met.
display  D   display_settings.c:212  debug_display_settings           [   0.37843] color: 16 (rgba 5650), depth: 16, stencil: 0, acc: 0000, samples: 3/1
display  D   display_settings.c:398  _al_score_display_settings       [   0.37885] Single Buffer requirement not met.
display  D   display_settings.c:212  debug_display_settings           [   0.37887] color: 16 (rgba 5650), depth: 16, stencil: 0, acc: 0000, samples: 4/1
display  D   display_settings.c:398  _al_score_display_settings       [   0.37890] Single Buffer requirement not met.
display  D   display_settings.c:212  debug_display_settings           [   0.37891] color: 32 (rgba 8880), depth: 0, stencil: 0, acc: 0000, samples: 0/0
display  D   display_settings.c:465  _al_score_display_settings       [   0.37901] Render Method requirement not met.
display  D   display_settings.c:212  debug_display_settings           [   0.37903] color: 32 (rgba 8880), depth: 0, stencil: 0, acc: 0000, samples: 0/0
display  D   display_settings.c:465  _al_score_display_settings       [   0.37906] Render Method requirement not met.
display  D   display_settings.c:212  debug_display_settings           [   0.37908] color: 32 (rgba 8880), depth: 0, stencil: 0, acc: 0000, samples: 2/1
display  D   display_settings.c:465  _al_score_display_settings       [   0.37913] Render Method requirement not met.
display  D   display_settings.c:212  debug_display_settings           [   0.37942] color: 32 (rgba 8880), depth: 0, stencil: 0, acc: 0000, samples: 3/1
display  D   display_settings.c:465  _al_score_display_settings       [   0.37947] Render Method requirement not met.
display  D   display_settings.c:212  debug_display_settings           [   0.37953] color: 32 (rgba 8880), depth: 0, stencil: 0, acc: 0000, samples: 4/1
display  D   display_settings.c:465  _al_score_display_settings       [   0.37956] Render Method requirement not met.
display  D   display_settings.c:212  debug_display_settings           [   0.37957] color: 32 (rgba 8880), depth: 24, stencil: 8, acc: 0000, samples: 0/0
display  D   display_settings.c:465  _al_score_display_settings       [   0.37960] Render Method requirement not met.
display  D   display_settings.c:212  debug_display_settings           [   0.37962] color: 32 (rgba 8880), depth: 24, stencil: 8, acc: 0000, samples: 0/0
display  D   display_settings.c:465  _al_score_display_settings       [   0.37964] Render Method requirement not met.
display  D   display_settings.c:212  debug_display_settings           [   0.37966] color: 32 (rgba 8880), depth: 24, stencil: 8, acc: 0000, samples: 2/1
display  D   display_settings.c:465  _al_score_display_settings       [   0.37968] Render Method requirement not met.
display  D   display_settings.c:212  debug_display_settings           [   0.37980] color: 32 (rgba 8880), depth: 24, stencil: 8, acc: 0000, samples: 3/1
display  D   display_settings.c:465  _al_score_display_settings       [   0.37983] Render Method requirement not met.
display  D   display_settings.c:212  debug_display_settings           [   0.37985] color: 32 (rgba 8880), depth: 24, stencil: 8, acc: 0000, samples: 4/1
display  D   display_settings.c:465  _al_score_display_settings       [   0.37987] Render Method requirement not met.
display  D   display_settings.c:212  debug_display_settings           [   0.37989] color: 32 (rgba 8880), depth: 24, stencil: 0, acc: 0000, samples: 0/0
display  D   display_settings.c:465  _al_score_display_settings       [   0.38001] Render Method requirement not met.
display  D   display_settings.c:212  debug_display_settings           [   0.38003] color: 32 (rgba 8880), depth: 24, stencil: 0, acc: 0000, samples: 0/0
display  D   display_settings.c:465  _al_score_display_settings       [   0.38005] Render Method requirement not met.
display  D   display_settings.c:212  debug_display_settings           [   0.38007] color: 32 (rgba 8880), depth: 24, stencil: 0, acc: 0000, samples: 2/1
display  D   display_settings.c:465  _al_score_display_settings       [   0.38009] Render Method requirement not met.
display  D   display_settings.c:212  debug_display_settings           [   0.38011] color: 32 (rgba 8880), depth: 24, stencil: 0, acc: 0000, samples: 3/1
display  D   display_settings.c:465  _al_score_display_settings       [   0.38013] Render Method requirement not met.
display  D   display_settings.c:212  debug_display_settings           [   0.38015] color: 32 (rgba 8880), depth: 24, stencil: 0, acc: 0000, samples: 4/1
display  D   display_settings.c:465  _al_score_display_settings       [   0.38017] Render Method requirement not met.
display  D   display_settings.c:212  debug_display_settings           [   0.38018] color: 32 (rgba 8880), depth: 16, stencil: 0, acc: 0000, samples: 0/0
display  D   display_settings.c:465  _al_score_display_settings       [   0.38021] Render Method requirement not met.
display  D   display_settings.c:212  debug_display_settings           [   0.38022] color: 32 (rgba 8880), depth: 16, stencil: 0, acc: 0000, samples: 0/0
display  D   display_settings.c:465  _al_score_display_settings       [   0.38025] Render Method requirement not met.
display  D   display_settings.c:212  debug_display_settings           [   0.38026] color: 32 (rgba 8880), depth: 16, stencil: 0, acc: 0000, samples: 2/1
display  D   display_settings.c:465  _al_score_display_settings       [   0.38030] Render Method requirement not met.
display  D   display_settings.c:212  debug_display_settings           [   0.38032] color: 32 (rgba 8880), depth: 16, stencil: 0, acc: 0000, samples: 3/1
display  D   display_settings.c:465  _al_score_display_settings       [   0.38035] Render Method requirement not met.
display  D   display_settings.c:212  debug_display_settings           [   0.38037] color: 32 (rgba 8880), depth: 16, stencil: 0, acc: 0000, samples: 4/1
display  D   display_settings.c:465  _al_score_display_settings       [   0.38039] Render Method requirement not met.
display  D   display_settings.c:212  debug_display_settings           [   0.38040] color: 16 (rgba 5650), depth: 0, stencil: 0, acc: 0000, samples: 0/0
display  D   display_settings.c:465  _al_score_display_settings       [   0.38043] Render Method requirement not met.
display  D   display_settings.c:212  debug_display_settings           [   0.38045] color: 16 (rgba 5650), depth: 0, stencil: 0, acc: 0000, samples: 0/0
display  D   display_settings.c:465  _al_score_display_settings       [   0.38047] Render Method requirement not met.
display  D   display_settings.c:212  debug_display_settings           [   0.38049] color: 16 (rgba 5650), depth: 0, stencil: 0, acc: 0000, samples: 2/1
display  D   display_settings.c:465  _al_score_display_settings       [   0.38051] Render Method requirement not met.
display  D   display_settings.c:212  debug_display_settings           [   0.38053] color: 16 (rgba 5650), depth: 0, stencil: 0, acc: 0000, samples: 3/1
display  D   display_settings.c:465  _al_score_display_settings       [   0.38055] Render Method requirement not met.
display  D   display_settings.c:212  debug_display_settings           [   0.38057] color: 16 (rgba 5650), depth: 0, stencil: 0, acc: 0000, samples: 4/1
display  D   display_settings.c:465  _al_score_display_settings       [   0.38059] Render Method requirement not met.
display  D   display_settings.c:212  debug_display_settings           [   0.38061] color: 16 (rgba 5650), depth: 24, stencil: 8, acc: 0000, samples: 0/0
display  D   display_settings.c:465  _al_score_display_settings       [   0.38063] Render Method requirement not met.
display  D   display_settings.c:212  debug_display_settings           [   0.38065] color: 16 (rgba 5650), depth: 24, stencil: 8, acc: 0000, samples: 0/0
display  D   display_settings.c:465  _al_score_display_settings       [   0.38068] Render Method requirement not met.
display  D   display_settings.c:212  debug_display_settings           [   0.38069] color: 16 (rgba 5650), depth: 24, stencil: 8, acc: 0000, samples: 2/1
display  D   display_settings.c:465  _al_score_display_settings       [   0.38072] Render Method requirement not met.
display  D   display_settings.c:212  debug_display_settings           [   0.38073] color: 16 (rgba 5650), depth: 24, stencil: 8, acc: 0000, samples: 3/1
display  D   display_settings.c:465  _al_score_display_settings       [   0.38076] Render Method requirement not met.
display  D   display_settings.c:212  debug_display_settings           [   0.38077] color: 16 (rgba 5650), depth: 24, stencil: 8, acc: 0000, samples: 4/1
display  D   display_settings.c:465  _al_score_display_settings       [   0.38080] Render Method requirement not met.
display  D   display_settings.c:212  debug_display_settings           [   0.38082] color: 16 (rgba 5650), depth: 24, stencil: 0, acc: 0000, samples: 0/0
display  D   display_settings.c:465  _al_score_display_settings       [   0.38084] Render Method requirement not met.
display  D   display_settings.c:212  debug_display_settings           [   0.38086] color: 16 (rgba 5650), depth: 24, stencil: 0, acc: 0000, samples: 0/0
display  D   display_settings.c:465  _al_score_display_settings       [   0.38088] Render Method requirement not met.
display  D   display_settings.c:212  debug_display_settings           [   0.38090] color: 16 (rgba 5650), depth: 24, stencil: 0, acc: 0000, samples: 2/1
display  D   display_settings.c:465  _al_score_display_settings       [   0.38097] Render Method requirement not met.
display  D   display_settings.c:212  debug_display_settings           [   0.38099] color: 16 (rgba 5650), depth: 24, stencil: 0, acc: 0000, samples: 3/1
display  D   display_settings.c:465  _al_score_display_settings       [   0.38102] Render Method requirement not met.
display  D   display_settings.c:212  debug_display_settings           [   0.38103] color: 16 (rgba 5650), depth: 24, stencil: 0, acc: 0000, samples: 4/1
display  D   display_settings.c:465  _al_score_display_settings       [   0.38105] Render Method requirement not met.
display  D   display_settings.c:212  debug_display_settings           [   0.38107] color: 16 (rgba 5650), depth: 16, stencil: 0, acc: 0000, samples: 0/0
display  D   display_settings.c:465  _al_score_display_settings       [   0.38109] Render Method requirement not met.
display  D   display_settings.c:212  debug_display_settings           [   0.38111] color: 16 (rgba 5650), depth: 16, stencil: 0, acc: 0000, samples: 0/0
display  D   display_settings.c:465  _al_score_display_settings       [   0.38113] Render Method requirement not met.
display  D   display_settings.c:212  debug_display_settings           [   0.38115] color: 16 (rgba 5650), depth: 16, stencil: 0, acc: 0000, samples: 2/1
display  D   display_settings.c:465  _al_score_display_settings       [   0.38117] Render Method requirement not met.
display  D   display_settings.c:212  debug_display_settings           [   0.38119] color: 16 (rgba 5650), depth: 16, stencil: 0, acc: 0000, samples: 3/1
display  D   display_settings.c:465  _al_score_display_settings       [   0.38121] Render Method requirement not met.
display  D   display_settings.c:212  debug_display_settings           [   0.38123] color: 16 (rgba 5650), depth: 16, stencil: 0, acc: 0000, samples: 4/1
display  D   display_settings.c:465  _al_score_display_settings       [   0.38125] Render Method requirement not met.
display  D   display_settings.c:212  debug_display_settings           [   0.38127] color: 32 (rgba 8880), depth: 0, stencil: 0, acc: 0000, samples: 0/0
display  D   display_settings.c:398  _al_score_display_settings       [   0.38129] Single Buffer requirement not met.
display  D   display_settings.c:212  debug_display_settings           [   0.38131] color: 32 (rgba 8880), depth: 0, stencil: 0, acc: 0000, samples: 0/0
display  D   display_settings.c:398  _al_score_display_settings       [   0.38133] Single Buffer requirement not met.
display  D   display_settings.c:212  debug_display_settings           [   0.38135] color: 32 (rgba 8880), depth: 0, stencil: 0, acc: 0000, samples: 2/1
display  D   display_settings.c:398  _al_score_display_settings       [   0.38137] Single Buffer requirement not met.
display  D   display_settings.c:212  debug_display_settings           [   0.38139] color: 32 (rgba 8880), depth: 0, stencil: 0, acc: 0000, samples: 3/1
display  D   display_settings.c:398  _al_score_display_settings       [   0.38141] Single Buffer requirement not met.
display  D   display_settings.c:212  debug_display_settings           [   0.38142] color: 32 (rgba 8880), depth: 0, stencil: 0, acc: 0000, samples: 4/1
display  D   display_settings.c:398  _al_score_display_settings       [   0.38145] Single Buffer requirement not met.
display  D   display_settings.c:212  debug_display_settings           [   0.38146] color: 32 (rgba 8880), depth: 24, stencil: 8, acc: 0000, samples: 0/0
display  D   display_settings.c:398  _al_score_display_settings       [   0.38149] Single Buffer requirement not met.
display  D   display_settings.c:212  debug_display_settings           [   0.38150] color: 32 (rgba 8880), depth: 24, stencil: 8, acc: 0000, samples: 0/0
display  D   display_settings.c:398  _al_score_display_settings       [   0.38152] Single Buffer requirement not met.
display  D   display_settings.c:212  debug_display_settings           [   0.38154] color: 32 (rgba 8880), depth: 24, stencil: 8, acc: 0000, samples: 2/1
display  D   display_settings.c:398  _al_score_display_settings       [   0.38160] Single Buffer requirement not met.
display  D   display_settings.c:212  debug_display_settings           [   0.38162] color: 32 (rgba 8880), depth: 24, stencil: 8, acc: 0000, samples: 3/1
display  D   display_settings.c:398  _al_score_display_settings       [   0.38164] Single Buffer requirement not met.
display  D   display_settings.c:212  debug_display_settings           [   0.38166] color: 32 (rgba 8880), depth: 24, stencil: 8, acc: 0000, samples: 4/1
display  D   display_settings.c:398  _al_score_display_settings       [   0.38168] Single Buffer requirement not met.
display  D   display_settings.c:212  debug_display_settings           [   0.38170] color: 32 (rgba 8880), depth: 24, stencil: 0, acc: 0000, samples: 0/0
display  D   display_settings.c:398  _al_score_display_settings       [   0.38172] Single Buffer requirement not met.
display  D   display_settings.c:212  debug_display_settings           [   0.38174] color: 32 (rgba 8880), depth: 24, stencil: 0, acc: 0000, samples: 0/0
display  D   display_settings.c:398  _al_score_display_settings       [   0.38176] Single Buffer requirement not met.
display  D   display_settings.c:212  debug_display_settings           [   0.38178] color: 32 (rgba 8880), depth: 24, stencil: 0, acc: 0000, samples: 2/1
display  D   display_settings.c:398  _al_score_display_settings       [   0.38180] Single Buffer requirement not met.
display  D   display_settings.c:212  debug_display_settings           [   0.38182] color: 32 (rgba 8880), depth: 24, stencil: 0, acc: 0000, samples: 3/1
display  D   display_settings.c:398  _al_score_display_settings       [   0.38184] Single Buffer requirement not met.
display  D   display_settings.c:212  debug_display_settings           [   0.38185] color: 32 (rgba 8880), depth: 24, stencil: 0, acc: 0000, samples: 4/1
display  D   display_settings.c:398  _al_score_display_settings       [   0.38188] Single Buffer requirement not met.
display  D   display_settings.c:212  debug_display_settings           [   0.38190] color: 32 (rgba 8880), depth: 16, stencil: 0, acc: 0000, samples: 0/0
display  D   display_settings.c:398  _al_score_display_settings       [   0.38192] Single Buffer requirement not met.
display  D   display_settings.c:212  debug_display_settings           [   0.38193] color: 32 (rgba 8880), depth: 16, stencil: 0, acc: 0000, samples: 0/0
display  D   display_settings.c:398  _al_score_display_settings       [   0.38196] Single Buffer requirement not met.
display  D   display_settings.c:212  debug_display_settings           [   0.38197] color: 32 (rgba 8880), depth: 16, stencil: 0, acc: 0000, samples: 2/1
display  D   display_settings.c:398  _al_score_display_settings       [   0.38200] Single Buffer requirement not met.
display  D   display_settings.c:212  debug_display_settings           [   0.38201] color: 32 (rgba 8880), depth: 16, stencil: 0, acc: 0000, samples: 3/1
display  D   display_settings.c:398  _al_score_display_settings       [   0.38204] Single Buffer requirement not met.
display  D   display_settings.c:212  debug_display_settings           [   0.38205] color: 32 (rgba 8880), depth: 16, stencil: 0, acc: 0000, samples: 4/1
display  D   display_settings.c:398  _al_score_display_settings       [   0.38208] Single Buffer requirement not met.
display  D   display_settings.c:212  debug_display_settings           [   0.38209] color: 16 (rgba 5650), depth: 0, stencil: 0, acc: 0000, samples: 0/0
display  D   display_settings.c:398  _al_score_display_settings       [   0.38211] Single Buffer requirement not met.
display  D   display_settings.c:212  debug_display_settings           [   0.38213] color: 16 (rgba 5650), depth: 0, stencil: 0, acc: 0000, samples: 0/0
display  D   display_settings.c:398  _al_score_display_settings       [   0.38216] Single Buffer requirement not met.
display  D   display_settings.c:212  debug_display_settings           [   0.38217] color: 16 (rgba 5650), depth: 0, stencil: 0, acc: 0000, samples: 2/1
display  D   display_settings.c:398  _al_score_display_settings       [   0.38220] Single Buffer requirement not met.
display  D   display_settings.c:212  debug_display_settings           [   0.38221] color: 16 (rgba 5650), depth: 0, stencil: 0, acc: 0000, samples: 3/1
display  D   display_settings.c:398  _al_score_display_settings       [   0.38224] Single Buffer requirement not met.
display  D   display_settings.c:212  debug_display_settings           [   0.38225] color: 16 (rgba 5650), depth: 0, stencil: 0, acc: 0000, samples: 4/1
display  D   display_settings.c:398  _al_score_display_settings       [   0.38227] Single Buffer requirement not met.
display  D   display_settings.c:212  debug_display_settings           [   0.38228] color: 16 (rgba 5650), depth: 24, stencil: 8, acc: 0000, samples: 0/0
display  D   display_settings.c:398  _al_score_display_settings       [   0.38231] Single Buffer requirement not met.
display  D   display_settings.c:212  debug_display_settings           [   0.38232] color: 16 (rgba 5650), depth: 24, stencil: 8, acc: 0000, samples: 0/0
display  D   display_settings.c:398  _al_score_display_settings       [   0.38235] Single Buffer requirement not met.
display  D   display_settings.c:212  debug_display_settings           [   0.38236] color: 16 (rgba 5650), depth: 24, stencil: 8, acc: 0000, samples: 2/1
display  D   display_settings.c:398  _al_score_display_settings       [   0.38239] Single Buffer requirement not met.
display  D   display_settings.c:212  debug_display_settings           [   0.38240] color: 16 (rgba 5650), depth: 24, stencil: 8, acc: 0000, samples: 3/1
display  D   display_settings.c:398  _al_score_display_settings       [   0.38242] Single Buffer requirement not met.
display  D   display_settings.c:212  debug_display_settings           [   0.38244] color: 16 (rgba 5650), depth: 24, stencil: 8, acc: 0000, samples: 4/1
display  D   display_settings.c:398  _al_score_display_settings       [   0.38246] Single Buffer requirement not met.
display  D   display_settings.c:212  debug_display_settings           [   0.38248] color: 16 (rgba 5650), depth: 24, stencil: 0, acc: 0000, samples: 0/0
display  D   display_settings.c:398  _al_score_display_settings       [   0.38251] Single Buffer requirement not met.
display  D   display_settings.c:212  debug_display_settings           [   0.38252] color: 16 (rgba 5650), depth: 24, stencil: 0, acc: 0000, samples: 0/0
display  D   display_settings.c:398  _al_score_display_settings       [   0.38255] Single Buffer requirement not met.
display  D   display_settings.c:212  debug_display_settings           [   0.38256] color: 16 (rgba 5650), depth: 24, stencil: 0, acc: 0000, samples: 2/1
display  D   display_settings.c:398  _al_score_display_settings       [   0.38259] Single Buffer requirement not met.
display  D   display_settings.c:212  debug_display_settings           [   0.38261] color: 16 (rgba 5650), depth: 24, stencil: 0, acc: 0000, samples: 3/1
display  D   display_settings.c:398  _al_score_display_settings       [   0.38263] Single Buffer requirement not met.
display  D   display_settings.c:212  debug_display_settings           [   0.38265] color: 16 (rgba 5650), depth: 24, stencil: 0, acc: 0000, samples: 4/1
display  D   display_settings.c:398  _al_score_display_settings       [   0.38267] Single Buffer requirement not met.
display  D   display_settings.c:212  debug_display_settings           [   0.38269] color: 16 (rgba 5650), depth: 16, stencil: 0, acc: 0000, samples: 0/0
display  D   display_settings.c:398  _al_score_display_settings       [   0.38271] Single Buffer requirement not met.
display  D   display_settings.c:212  debug_display_settings           [   0.38273] color: 16 (rgba 5650), depth: 16, stencil: 0, acc: 0000, samples: 0/0
display  D   display_settings.c:398  _al_score_display_settings       [   0.38275] Single Buffer requirement not met.
display  D   display_settings.c:212  debug_display_settings           [   0.38277] color: 16 (rgba 5650), depth: 16, stencil: 0, acc: 0000, samples: 2/1
display  D   display_settings.c:398  _al_score_display_settings       [   0.38280] Single Buffer requirement not met.
display  D   display_settings.c:212  debug_display_settings           [   0.38282] color: 16 (rgba 5650), depth: 16, stencil: 0, acc: 0000, samples: 3/1
display  D   display_settings.c:398  _al_score_display_settings       [   0.38284] Single Buffer requirement not met.
display  D   display_settings.c:212  debug_display_settings           [   0.38286] color: 16 (rgba 5650), depth: 16, stencil: 0, acc: 0000, samples: 4/1
display  D   display_settings.c:398  _al_score_display_settings       [   0.38288] Single Buffer requirement not met.
d3d      D         d3d_disp.cpp:1668 d3d_create_display_internals     [   0.38294] Trying format 0.
d3d      I         d3d_disp.cpp:1344 d3d_display_thread_proc          [   0.38988] Chose a display format: 23
d3d      I         d3d_disp.cpp:1413 d3d_display_thread_proc          [   0.38992] Normal window.
d3d      I         d3d_disp.cpp:781  d3d_create_device                [   0.41840] Using no depth stencil buffer
d3d      D         d3d_disp.cpp:839  d3d_create_device                [   0.46085] BeginScene succeeded in create_device
d3d      D         d3d_disp.cpp:847  d3d_create_device                [   0.46089] Success
d3d      D         d3d_disp.cpp:1691 d3d_create_display_internals     [   0.46092] Resumed after wait.
d3d      I         d3d_disp.cpp:1724 d3d_create_display_internals     [   0.46097] Format 0 succeeded.
d3d      D         d3d_disp.cpp:1755 d3d_create_display_internals     [   0.46102] Returning d3d_display: 0000029A7F72DF10
d3d      D         d3d_disp.cpp:1780 d3d_create_display_locked        [   0.46104] al_display=0000029A7F72DF10
d3d      D         d3d_disp.cpp:1781 d3d_create_display_locked        [   0.46106] al_display->vt=0000029A7F741530
system   D            wsystem.c:788  _al_win_safe_load_library        [   0.46133] PathFindOnPath found: C:\WINDOWS\system32\d3dx9_43.dll
system   D            wsystem.c:699  load_library_at_path             [   0.46135] Calling LoadLibrary C:\WINDOWS\system32\d3dx9_43.dll
system   I            wsystem.c:702  load_library_at_path             [   0.47690] Loaded C:\WINDOWS\system32\d3dx9_43.dll
d3dx9    I        d3d_d3dx9.cpp:88   _imp_load_d3dx9_module_version   [   0.47696] Module "d3dx9_43.dll" loaded.
