




File verbosity level: 9
date       time         ( uptime  ) [ thread name/id ]                   file:line     v| 
2017-10-29 10:53:46.392 (   0.209s) [                ]             loguru.hpp:1974     0| Logging to 'log_SunOct291053.log', mode: 'a', verbosity: 9
2017-10-29 10:53:46.392 (   0.209s) [                ]        application.cpp:38       0| App init.

2017-10-29 10:53:47.920 (   1.737s) [                ]        application.cpp:173      0| de an already existing service. ups, 1021 fps

2017-10-29 10:53:48.919 (   2.735s) [                ]        application.cpp:173      0|  an already existing service. ups, 1199 fps

2017-10-29 10:53:49.919 (   3.735s) [                ]        application.cpp:173      0|  an already existing service. ups, 1201 fps

2017-10-29 10:53:50.919 (   4.735s) [                ]        application.cpp:173      0|  an already existing service. ups, 1223 fps

2017-10-29 10:53:51.919 (   5.735s) [                ]        application.cpp:173      0|  an already existing service. ups, 1220 fps

2017-10-29 10:53:51.964 (   5.781s) [                ]               test.cpp:54       0| Boop!

2017-10-29 10:53:52.919 (   6.735s) [                ]        application.cpp:173      0|  an already existing service. ups, 1204 fps

2017-10-29 10:53:53.919 (   7.735s) [                ]        application.cpp:173      0|  an already existing service. ups, 1215 fps

2017-10-29 10:53:54.919 (   8.735s) [                ]        application.cpp:173      0|  an already existing service. ups, 1217 fps

2017-10-29 10:53:55.919 (   9.735s) [                ]        application.cpp:173      0|  an already existing service. ups, 1187 fps

2017-10-29 10:53:56.919 (  10.735s) [                ]        application.cpp:173      0|  an already existing service. ups, 1177 fps

2017-10-29 10:53:56.981 (  10.797s) [                ]               test.cpp:54       0| Boop!

2017-10-29 10:53:57.919 (  11.735s) [                ]        application.cpp:173      0|  an already existing service. ups, 1206 fps

2017-10-29 10:53:58.919 (  12.736s) [                ]        application.cpp:173      0|  an already existing service. ups, 1195 fps

2017-10-29 10:53:59.919 (  13.736s) [                ]        application.cpp:173      0|  an already existing service. ups, 1192 fps

2017-10-29 10:54:00.919 (  14.735s) [                ]        application.cpp:173      0|  an already existing service. ups, 1153 fps

2017-10-29 10:54:01.919 (  15.735s) [                ]        application.cpp:173      0|  an already existing service. ups, 1184 fps

2017-10-29 10:54:01.997 (  15.814s) [                ]               test.cpp:54       0| Boop!

2017-10-29 10:54:02.919 (  16.736s) [                ]        application.cpp:173      0|  an already existing service. ups, 1183 fps

2017-10-29 10:54:03.919 (  17.735s) [                ]        application.cpp:173      0|  an already existing service. ups, 1209 fps

2017-10-29 10:54:04.919 (  18.735s) [                ]        application.cpp:173      0|  an already existing service. ups, 1207 fps

2017-10-29 10:54:05.919 (  19.735s) [                ]        application.cpp:173      0|  an already existing service. ups, 1184 fps

2017-10-29 10:54:06.919 (  20.736s) [                ]        application.cpp:173      0|  an already existing service. ups, 1166 fps

2017-10-29 10:54:07.014 (  20.831s) [                ]               test.cpp:54       0| Boop!

2017-10-29 10:54:07.919 (  21.735s) [                ]        application.cpp:173      0|  an already existing service. ups, 1182 fps

2017-10-29 10:54:08.919 (  22.735s) [                ]        application.cpp:173      0|  an already existing service. ups, 1211 fps

2017-10-29 10:54:09.919 (  23.735s) [                ]        application.cpp:173      0|  an already existing service. ups, 1212 fps

2017-10-29 10:54:10.919 (  24.736s) [                ]        application.cpp:173      0|  an already existing service. ups, 1217 fps

2017-10-29 10:54:11.919 (  25.735s) [                ]        application.cpp:173      0|  an already existing service. ups, 1208 fps

2017-10-29 10:54:12.031 (  25.847s) [                ]               test.cpp:54       0| Boop!

2017-10-29 10:54:12.919 (  26.736s) [                ]        application.cpp:173      0|  an already existing service. ups, 1205 fps

2017-10-29 10:54:13.919 (  27.735s) [                ]        application.cpp:173      0|  an already existing service. ups, 1200 fps

2017-10-29 10:54:14.919 (  28.735s) [                ]        application.cpp:173      0|  an already existing service. ups, 1203 fps

2017-10-29 10:54:15.919 (  29.735s) [                ]        application.cpp:173      0|  an already existing service. ups, 1215 fps

2017-10-29 10:54:16.919 (  30.735s) [                ]        application.cpp:173      0|  an already existing service. ups, 1181 fps

2017-10-29 10:54:17.048 (  30.864s) [                ]               test.cpp:54       0| Boop!

2017-10-29 10:54:17.919 (  31.736s) [                ]        application.cpp:173      0|  an already existing service. ups, 1176 fps

2017-10-29 10:54:18.919 (  32.735s) [                ]        application.cpp:173      0|  an already existing service. ups, 1166 fps

2017-10-29 10:54:19.919 (  33.736s) [                ]        application.cpp:173      0|  an already existing service. ups, 1212 fps

2017-10-29 10:54:20.919 (  34.735s) [                ]        application.cpp:173      0|  an already existing service. ups, 1186 fps

2017-10-29 10:54:21.919 (  35.736s) [                ]        application.cpp:173      0|  an already existing service. ups, 1202 fps

2017-10-29 10:54:22.064 (  35.881s) [                ]               test.cpp:54       0| Boop!

2017-10-29 10:54:22.919 (  36.735s) [                ]        application.cpp:173      0|  an already existing service. ups, 1200 fps

2017-10-29 10:54:23.919 (  37.735s) [                ]        application.cpp:173      0|  an already existing service. ups, 1220 fps

2017-10-29 10:54:24.028 (  37.844s) [                ]        application.cpp:185      0| App close.

