




File verbosity level: 9
date       time         ( uptime  ) [ thread name/id ]                   file:line     v| 
2017-10-29 10:58:38.847 (   0.337s) [                ]             loguru.hpp:1974     0| Logging to 'log_SunOct291058.log', mode: 'a', verbosity: 9
2017-10-29 10:58:38.848 (   0.338s) [                ]        application.cpp:37       0| App init.

2017-10-29 10:58:40.228 (   1.718s) [                ]        application.cpp:173      0| e an already existing service. ups, 1076 fps

2017-10-29 10:58:41.228 (   2.718s) [                ]        application.cpp:173      0|  an already existing service. ups, 1227 fps

2017-10-29 10:58:42.228 (   3.718s) [                ]        application.cpp:173      0|  an already existing service. ups, 1227 fps

2017-10-29 10:58:43.228 (   4.718s) [                ]        application.cpp:173      0|  an already existing service. ups, 1236 fps

2017-10-29 10:58:44.228 (   5.718s) [                ]        application.cpp:173      0|  an already existing service. ups, 1250 fps

2017-10-29 10:58:44.246 (   5.736s) [                ]               test.cpp:54       0| Boop!

2017-10-29 10:58:45.228 (   6.718s) [                ]        application.cpp:173      0|  an already existing service. ups, 1202 fps

2017-10-29 10:58:46.228 (   7.719s) [                ]        application.cpp:173      0|  an already existing service. ups, 1092 fps

2017-10-29 10:58:47.228 (   8.718s) [                ]        application.cpp:173      0|  an already existing service. ups, 1115 fps

2017-10-29 10:58:48.228 (   9.718s) [                ]        application.cpp:173      0|  an already existing service. ups, 1137 fps

2017-10-29 10:58:49.228 (  10.718s) [                ]        application.cpp:173      0|  an already existing service. ups, 1152 fps

2017-10-29 10:58:49.263 (  10.753s) [                ]               test.cpp:54       0| Boop!

2017-10-29 10:58:50.228 (  11.719s) [                ]        application.cpp:173      0|  an already existing service. ups, 1143 fps

2017-10-29 10:58:51.228 (  12.718s) [                ]        application.cpp:173      0|  an already existing service. ups, 1120 fps

2017-10-29 10:58:52.228 (  13.718s) [                ]        application.cpp:173      0|  an already existing service. ups, 1120 fps

2017-10-29 10:58:53.228 (  14.718s) [                ]        application.cpp:173      0|  an already existing service. ups, 1116 fps

2017-10-29 10:58:54.228 (  15.718s) [                ]        application.cpp:173      0|  an already existing service. ups, 1114 fps

2017-10-29 10:58:54.280 (  15.770s) [                ]               test.cpp:54       0| Boop!

2017-10-29 10:58:55.228 (  16.719s) [                ]        application.cpp:173      0|  an already existing service. ups, 1084 fps

2017-10-29 10:58:56.228 (  17.718s) [                ]        application.cpp:173      0|  an already existing service. ups, 1082 fps

2017-10-29 10:58:57.228 (  18.718s) [                ]        application.cpp:173      0|  an already existing service. ups, 1097 fps

2017-10-29 10:58:58.228 (  19.718s) [                ]        application.cpp:173      0|  an already existing service. ups, 1175 fps

2017-10-29 10:58:59.228 (  20.719s) [                ]        application.cpp:173      0|  an already existing service. ups, 1176 fps

2017-10-29 10:58:59.296 (  20.786s) [                ]               test.cpp:54       0| Boop!

2017-10-29 10:59:00.228 (  21.718s) [                ]        application.cpp:173      0|  an already existing service. ups, 1126 fps

2017-10-29 10:59:01.243 (  22.733s) [                ]        application.cpp:173      0|  an already existing service. ups, 1139 fps

2017-10-29 10:59:02.243 (  23.733s) [                ]        application.cpp:173      0|  an already existing service. ups, 1121 fps

2017-10-29 10:59:03.228 (  24.718s) [                ]        application.cpp:173      0|  an already existing service. ups, 1081 fps

2017-10-29 10:59:04.228 (  25.718s) [                ]        application.cpp:173      0|  an already existing service. ups, 1207 fps

2017-10-29 10:59:04.313 (  25.803s) [                ]               test.cpp:54       0| Boop!

2017-10-29 10:59:04.574 (  26.065s) [                ]        application.cpp:185      0| App close.

