




File verbosity level: 9
date       time         ( uptime  ) [ thread name/id ]                   file:line     v| 
2017-10-29 10:55:05.049 (   0.247s) [                ]             loguru.hpp:1974     0| Logging to 'log_SunOct291055.log', mode: 'a', verbosity: 9
2017-10-29 10:55:05.049 (   0.247s) [                ]        application.cpp:37       0| App init.

2017-10-29 10:55:06.446 (   1.644s) [                ]        application.cpp:172      0| e an already existing service. ups, 975 fps

2017-10-29 10:55:07.446 (   2.644s) [                ]        application.cpp:172      0|  an already existing service. ups, 1139 fps

2017-10-29 10:55:08.446 (   3.644s) [                ]        application.cpp:172      0|  an already existing service. ups, 1143 fps

2017-10-29 10:55:09.446 (   4.644s) [                ]        application.cpp:172      0|  an already existing service. ups, 1143 fps

2017-10-29 10:55:10.446 (   5.644s) [                ]        application.cpp:172      0|  an already existing service. ups, 1140 fps

2017-10-29 10:55:10.466 (   5.663s) [                ]               test.cpp:54       0| Boop!

2017-10-29 10:55:11.446 (   6.644s) [                ]        application.cpp:172      0|  an already existing service. ups, 1153 fps

2017-10-29 10:55:12.446 (   7.643s) [                ]        application.cpp:172      0|  an already existing service. ups, 1155 fps

2017-10-29 10:55:13.446 (   8.644s) [                ]        application.cpp:172      0|  an already existing service. ups, 1162 fps

2017-10-29 10:55:14.446 (   9.644s) [                ]        application.cpp:172      0|  an already existing service. ups, 1251 fps

2017-10-29 10:55:15.446 (  10.644s) [                ]        application.cpp:172      0|  an already existing service. ups, 1171 fps

2017-10-29 10:55:15.483 (  10.680s) [                ]               test.cpp:54       0| Boop!

2017-10-29 10:55:16.446 (  11.644s) [                ]        application.cpp:172      0|  an already existing service. ups, 1115 fps

2017-10-29 10:55:17.446 (  12.644s) [                ]        application.cpp:172      0|  an already existing service. ups, 1112 fps

2017-10-29 10:55:18.446 (  13.644s) [                ]        application.cpp:172      0|  an already existing service. ups, 1100 fps

2017-10-29 10:55:19.446 (  14.644s) [                ]        application.cpp:172      0|  an already existing service. ups, 1150 fps

2017-10-29 10:55:20.396 (  15.594s) [                ]        application.cpp:184      0| App close.

