[37m[INFO] - [18:00:06.2486033] - [File: Application.cpp, Func: create_asset_layout, Line: 376] - "Missing asset folder, creating at: assets/."
[37m[INFO] - [18:00:06.2507714] - [File: Application.cpp, Func: create_asset_layout, Line: 376] - "Missing asset folder, creating at: assets/audio/music/."
[37m[INFO] - [18:00:06.2513948] - [File: Application.cpp, Func: create_asset_layout, Line: 376] - "Missing asset folder, creating at: assets/audio/sfx/."
[37m[INFO] - [18:00:06.2518357] - [File: Application.cpp, Func: create_asset_layout, Line: 376] - "Missing asset folder, creating at: assets/fonts/."
[37m[INFO] - [18:00:06.2522159] - [File: Application.cpp, Func: create_asset_layout, Line: 376] - "Missing asset folder, creating at: assets/json/."
[37m[INFO] - [18:00:06.2526072] - [File: Application.cpp, Func: create_asset_layout, Line: 376] - "Missing asset folder, creating at: assets/scripts/actions/."
[37m[INFO] - [18:00:06.2531509] - [File: Application.cpp, Func: create_asset_layout, Line: 376] - "Missing asset folder, creating at: assets/scripts/definitions/."
[37m[INFO] - [18:00:06.2535819] - [File: Application.cpp, Func: create_asset_layout, Line: 376] - "Missing asset folder, creating at: assets/shaders/."
[37m[INFO] - [18:00:06.2539726] - [File: Application.cpp, Func: create_asset_layout, Line: 376] - "Missing asset folder, creating at: assets/textures/."
[37m[INFO] - [18:00:06.2543485] - [File: Application.cpp, Func: create_asset_layout, Line: 376] - "Missing asset folder, creating at: assets/maps/."
[37m[INFO] - [18:00:06.2547424] - [File: Application.cpp, Func: create_asset_layout, Line: 376] - "Missing asset folder, creating at: assets/lang/."
[31m[ERROR_] - [18:00:06.8074728] - [File: Texture.cpp, Func: load, Line: 73] - "Failed to find texture: logo.png."
[31m[ERROR_] - [18:00:06.8162790] - [File: Window.cpp, Func: set_cursor_icon, Line: 353] - "Failed to find cursor icon: cursor.png."
[31m[ERROR_] - [18:00:06.8173198] - [File: Window.cpp, Func: set_icon, Line: 280] - "Failed to find window icon: icon.png."
[37m[INFO] - [18:00:06.8246838] - [File: Application.cpp, Func: generate_default_assets, Line: 399] - "Missing default asset, creating: assets/json/fontbook.json."
[37m[INFO] - [18:00:06.8274799] - [File: Application.cpp, Func: generate_default_assets, Line: 410] - "Missing default asset, creating: assets/json/musicbook.json."
[37m[INFO] - [18:00:06.8298993] - [File: Application.cpp, Func: generate_default_assets, Line: 421] - "Missing default asset, creating: assets/json/scriptbook.json."
[37m[INFO] - [18:00:06.8329984] - [File: Application.cpp, Func: generate_default_assets, Line: 432] - "Missing default asset, creating: assets/json/shaderbook.json."
[37m[INFO] - [18:00:06.8349391] - [File: Application.cpp, Func: generate_default_assets, Line: 443] - "Missing default asset, creating: assets/json/soundbook.json."
[37m[INFO] - [18:00:06.8371538] - [File: Application.cpp, Func: generate_default_assets, Line: 454] - "Missing default asset, creating: assets/json/texturebook.json."
[37m[INFO] - [18:00:06.8401122] - [File: Application.cpp, Func: generate_default_assets, Line: 465] - "Missing default asset, creating: assets/json/renderlayers.json."
[31m[ERROR_] - [18:00:06.8404692] - [File: Language.cpp, Func: set_language, Line: 60] - "Language not found: en_au."
